C:\Users\rahulmondal\source\repos\CarzyFood\CrazyFood.Web\CrazyFoodClient\dist\out-tsc\e2e\src\app.po.js
C:\Users\rahulmondal\source\repos\CarzyFood\CrazyFood.Web\CrazyFoodClient\dist\out-tsc\e2e\src\app.po.js.map
C:\Users\rahulmondal\source\repos\CarzyFood\CrazyFood.Web\CrazyFoodClient\dist\out-tsc\e2e\src\app.e2e-spec.js
C:\Users\rahulmondal\source\repos\CarzyFood\CrazyFood.Web\CrazyFoodClient\dist\out-tsc\e2e\src\app.e2e-spec.js.map
C:\Users\rahulmondal\source\repos\CarzyFood\CrazyFood.Web\CrazyFoodClient\dist\out-tsc\src\app\shared\City.js
C:\Users\rahulmondal\source\repos\CarzyFood\CrazyFood.Web\CrazyFoodClient\dist\out-tsc\src\app\shared\City.js.map
C:\Users\rahulmondal\source\repos\CarzyFood\CrazyFood.Web\CrazyFoodClient\dist\out-tsc\src\app\shared\AverageRating.js
C:\Users\rahulmondal\source\repos\CarzyFood\CrazyFood.Web\CrazyFoodClient\dist\out-tsc\src\app\shared\AverageRating.js.map
C:\Users\rahulmondal\source\repos\CarzyFood\CrazyFood.Web\CrazyFoodClient\dist\out-tsc\src\app\shared\Restaurant.js
C:\Users\rahulmondal\source\repos\CarzyFood\CrazyFood.Web\CrazyFoodClient\dist\out-tsc\src\app\shared\Restaurant.js.map
C:\Users\rahulmondal\source\repos\CarzyFood\CrazyFood.Web\CrazyFoodClient\dist\out-tsc\src\app\shared\RestaurantAC.js
C:\Users\rahulmondal\source\repos\CarzyFood\CrazyFood.Web\CrazyFoodClient\dist\out-tsc\src\app\shared\RestaurantAC.js.map
C:\Users\rahulmondal\source\repos\CarzyFood\CrazyFood.Web\CrazyFoodClient\dist\out-tsc\src\app\restaurant\restaurant.service.js
C:\Users\rahulmondal\source\repos\CarzyFood\CrazyFood.Web\CrazyFoodClient\dist\out-tsc\src\app\restaurant\restaurant.service.js.map
C:\Users\rahulmondal\source\repos\CarzyFood\CrazyFood.Web\CrazyFoodClient\dist\out-tsc\src\app\restaurant\list-of-restaurant\list-of-restaurant.component.js
C:\Users\rahulmondal\source\repos\CarzyFood\CrazyFood.Web\CrazyFoodClient\dist\out-tsc\src\app\restaurant\list-of-restaurant\list-of-restaurant.component.js.map
C:\Users\rahulmondal\source\repos\CarzyFood\CrazyFood.Web\CrazyFoodClient\dist\out-tsc\src\app\restaurant\restaurant-routing.module.js
C:\Users\rahulmondal\source\repos\CarzyFood\CrazyFood.Web\CrazyFoodClient\dist\out-tsc\src\app\restaurant\restaurant-routing.module.js.map
C:\Users\rahulmondal\source\repos\CarzyFood\CrazyFood.Web\CrazyFoodClient\dist\out-tsc\src\app\restaurant\restaurant.module.js
C:\Users\rahulmondal\source\repos\CarzyFood\CrazyFood.Web\CrazyFoodClient\dist\out-tsc\src\app\restaurant\restaurant.module.js.map
C:\Users\rahulmondal\source\repos\CarzyFood\CrazyFood.Web\CrazyFoodClient\dist\out-tsc\src\app\app-routing.module.js
C:\Users\rahulmondal\source\repos\CarzyFood\CrazyFood.Web\CrazyFoodClient\dist\out-tsc\src\app\app-routing.module.js.map
C:\Users\rahulmondal\source\repos\CarzyFood\CrazyFood.Web\CrazyFoodClient\dist\out-tsc\src\app\app.component.js
C:\Users\rahulmondal\source\repos\CarzyFood\CrazyFood.Web\CrazyFoodClient\dist\out-tsc\src\app\app.component.js.map
C:\Users\rahulmondal\source\repos\CarzyFood\CrazyFood.Web\CrazyFoodClient\dist\out-tsc\src\app\app.module.js
C:\Users\rahulmondal\source\repos\CarzyFood\CrazyFood.Web\CrazyFoodClient\dist\out-tsc\src\app\app.module.js.map
C:\Users\rahulmondal\source\repos\CarzyFood\CrazyFood.Web\CrazyFoodClient\dist\out-tsc\src\environments\environment.js
C:\Users\rahulmondal\source\repos\CarzyFood\CrazyFood.Web\CrazyFoodClient\dist\out-tsc\src\environments\environment.js.map
C:\Users\rahulmondal\source\repos\CarzyFood\CrazyFood.Web\CrazyFoodClient\dist\out-tsc\src\main.js
C:\Users\rahulmondal\source\repos\CarzyFood\CrazyFood.Web\CrazyFoodClient\dist\out-tsc\src\main.js.map
C:\Users\rahulmondal\source\repos\CarzyFood\CrazyFood.Web\CrazyFoodClient\dist\out-tsc\src\polyfills.js
C:\Users\rahulmondal\source\repos\CarzyFood\CrazyFood.Web\CrazyFoodClient\dist\out-tsc\src\polyfills.js.map
C:\Users\rahulmondal\source\repos\CarzyFood\CrazyFood.Web\CrazyFoodClient\dist\out-tsc\src\test.js
C:\Users\rahulmondal\source\repos\CarzyFood\CrazyFood.Web\CrazyFoodClient\dist\out-tsc\src\test.js.map
C:\Users\rahulmondal\source\repos\CarzyFood\CrazyFood.Web\CrazyFoodClient\dist\out-tsc\src\app\app.component.spec.js
C:\Users\rahulmondal\source\repos\CarzyFood\CrazyFood.Web\CrazyFoodClient\dist\out-tsc\src\app\app.component.spec.js.map
C:\Users\rahulmondal\source\repos\CarzyFood\CrazyFood.Web\CrazyFoodClient\dist\out-tsc\src\environments\environment.prod.js
C:\Users\rahulmondal\source\repos\CarzyFood\CrazyFood.Web\CrazyFoodClient\dist\out-tsc\src\environments\environment.prod.js.map
